This is pdfTeX, Version 3.141592653-2.6-1.40.25 (TeX Live 2023) (preloaded format=pdflatex 2023.4.3)  25 JUN 2024 03:45
entering extended mode
 restricted \write18 enabled.
 %&-line parsing enabled.
**main
(./main.tex
LaTeX2e <2022-11-01> patch level 1
L3 programming layer <2023-03-30>
(/usr/local/texlive/2023/texmf-dist/tex/latex/base/article.cls
Document Class: article 2022/07/02 v1.4n Standard LaTeX document class
(/usr/local/texlive/2023/texmf-dist/tex/latex/base/size12.clo
File: size12.clo 2022/07/02 v1.4n Standard LaTeX file (size option)
)
\c@part=\count185
\c@section=\count186
\c@subsection=\count187
\c@subsubsection=\count188
\c@paragraph=\count189
\c@subparagraph=\count190
\c@figure=\count191
\c@table=\count192
\abovecaptionskip=\skip48
\belowcaptionskip=\skip49
\bibindent=\dimen140
)
(/usr/local/texlive/2023/texmf-dist/tex/latex/psnfss/times.sty
Package: times 2020/03/25 PSNFSS-v9.3 (SPQR) 
)
(/usr/local/texlive/2023/texmf-dist/tex/latex/geometry/geometry.sty
Package: geometry 2020/01/02 v5.9 Page Geometry

(/usr/local/texlive/2023/texmf-dist/tex/latex/graphics/keyval.sty
Package: keyval 2022/05/29 v1.15 key=value parser (DPC)
\KV@toks@=\toks16
)
(/usr/local/texlive/2023/texmf-dist/tex/generic/iftex/ifvtex.sty
Package: ifvtex 2019/10/25 v1.7 ifvtex legacy package. Use iftex instead.

(/usr/local/texlive/2023/texmf-dist/tex/generic/iftex/iftex.sty
Package: iftex 2022/02/03 v1.0f TeX engine tests
))
\Gm@cnth=\count193
\Gm@cntv=\count194
\c@Gm@tempcnt=\count195
\Gm@bindingoffset=\dimen141
\Gm@wd@mp=\dimen142
\Gm@odd@mp=\dimen143
\Gm@even@mp=\dimen144
\Gm@layoutwidth=\dimen145
\Gm@layoutheight=\dimen146
\Gm@layouthoffset=\dimen147
\Gm@layoutvoffset=\dimen148
\Gm@dimlist=\toks17
)
(/usr/local/texlive/2023/texmf-dist/tex/latex/pdfpages/pdfpages.sty
Package: pdfpages 2022/12/19 v0.5x Insert pages of external PDF documents (AM)

(/usr/local/texlive/2023/texmf-dist/tex/latex/base/ifthen.sty
Package: ifthen 2022/04/13 v1.1d Standard LaTeX ifthen package (DPC)
)
(/usr/local/texlive/2023/texmf-dist/tex/latex/tools/calc.sty
Package: calc 2017/05/25 v4.3 Infix arithmetic (KKT,FJ)
\calc@Acount=\count196
\calc@Bcount=\count197
\calc@Adimen=\dimen149
\calc@Bdimen=\dimen150
\calc@Askip=\skip50
\calc@Bskip=\skip51
LaTeX Info: Redefining \setlength on input line 80.
LaTeX Info: Redefining \addtolength on input line 81.
\calc@Ccount=\count198
\calc@Cskip=\skip52
)
(/usr/local/texlive/2023/texmf-dist/tex/latex/eso-pic/eso-pic.sty
Package: eso-pic 2023/03/23 v3.0b eso-pic (RN)
\ESO@tempdima=\dimen151
\ESO@tempdimb=\dimen152

(/usr/local/texlive/2023/texmf-dist/tex/latex/xcolor/xcolor.sty
Package: xcolor 2022/06/12 v2.14 LaTeX color extensions (UK)

(/usr/local/texlive/2023/texmf-dist/tex/latex/graphics-cfg/color.cfg
File: color.cfg 2016/01/02 v1.6 sample color configuration
)
Package xcolor Info: Driver file: pdftex.def on input line 227.

(/usr/local/texlive/2023/texmf-dist/tex/latex/graphics-def/pdftex.def
File: pdftex.def 2022/09/22 v1.2b Graphics/color driver for pdftex
)
(/usr/local/texlive/2023/texmf-dist/tex/latex/graphics/mathcolor.ltx)
Package xcolor Info: Model `cmy' substituted by `cmy0' on input line 1353.
Package xcolor Info: Model `hsb' substituted by `rgb' on input line 1357.
Package xcolor Info: Model `RGB' extended on input line 1369.
Package xcolor Info: Model `HTML' substituted by `rgb' on input line 1371.
Package xcolor Info: Model `Hsb' substituted by `hsb' on input line 1372.
Package xcolor Info: Model `tHsb' substituted by `hsb' on input line 1373.
Package xcolor Info: Model `HSB' substituted by `hsb' on input line 1374.
Package xcolor Info: Model `Gray' substituted by `gray' on input line 1375.
Package xcolor Info: Model `wave' substituted by `hsb' on input line 1376.
))
(/usr/local/texlive/2023/texmf-dist/tex/latex/graphics/graphicx.sty
Package: graphicx 2021/09/16 v1.2d Enhanced LaTeX Graphics (DPC,SPQR)

(/usr/local/texlive/2023/texmf-dist/tex/latex/graphics/graphics.sty
Package: graphics 2022/03/10 v1.4e Standard LaTeX Graphics (DPC,SPQR)

(/usr/local/texlive/2023/texmf-dist/tex/latex/graphics/trig.sty
Package: trig 2021/08/11 v1.11 sin cos tan (DPC)
)
(/usr/local/texlive/2023/texmf-dist/tex/latex/graphics-cfg/graphics.cfg
File: graphics.cfg 2016/06/04 v1.11 sample graphics configuration
)
Package graphics Info: Driver file: pdftex.def on input line 107.
)
\Gin@req@height=\dimen153
\Gin@req@width=\dimen154
)
\AM@pagewidth=\dimen155
\AM@pageheight=\dimen156
\AM@fboxrule=\dimen157

(/usr/local/texlive/2023/texmf-dist/tex/latex/pdfpages/pppdftex.def
File: pppdftex.def 2022/12/19 v0.5x Pdfpages driver for pdfTeX (AM)
)
\pdfpages@includegraphics@status=\count199
\AM@pagebox=\box51
\AM@global@opts=\toks18
\AM@pagecnt=\count266
\AM@toc@title=\toks19
\AM@lof@heading=\toks20
\c@AM@survey=\count267
\AM@templatesizebox=\box52
)
(/usr/local/texlive/2023/texmf-dist/tex/latex/float/float.sty
Package: float 2001/11/08 v1.3d Float enhancements (AL)
\c@float@type=\count268
\float@exts=\toks21
\float@box=\box53
\@float@everytoks=\toks22
\@floatcapt=\box54
)
(/usr/local/texlive/2023/texmf-dist/tex/latex/fancyhdr/fancyhdr.sty
Package: fancyhdr 2022/11/09 v4.1 Extensive control of page headers and footers

\f@nch@headwidth=\skip53
\f@nch@O@elh=\skip54
\f@nch@O@erh=\skip55
\f@nch@O@olh=\skip56
\f@nch@O@orh=\skip57
\f@nch@O@elf=\skip58
\f@nch@O@erf=\skip59
\f@nch@O@olf=\skip60
\f@nch@O@orf=\skip61
)
(/usr/local/texlive/2023/texmf-dist/tex/latex/graphics/lscape.sty
Package: lscape 2020/05/28 v3.02 Landscape Pages (DPC)
)
(/usr/local/texlive/2023/texmf-dist/tex/latex/tools/indentfirst.sty
Package: indentfirst 1995/11/23 v1.03 Indent first paragraph (DPC)
)
(/usr/local/texlive/2023/texmf-dist/tex/latex/enumitem/enumitem.sty
Package: enumitem 2019/06/20 v3.9 Customized lists
\labelindent=\skip62
\enit@outerparindent=\dimen158
\enit@toks=\toks23
\enit@inbox=\box55
\enit@count@id=\count269
\enitdp@description=\count270
)
LaTeX Font Info:    Trying to load font information for OT1+ptm on input line 1
3.

(/usr/local/texlive/2023/texmf-dist/tex/latex/psnfss/ot1ptm.fd
File: ot1ptm.fd 2001/06/04 font definitions for OT1/ptm.
)
(/usr/local/texlive/2023/texmf-dist/tex/latex/l3backend/l3backend-pdftex.def
File: l3backend-pdftex.def 2023-03-30 L3 backend support: PDF output (pdfTeX)
\l__color_backend_stack_int=\count271
\l__pdf_internal_box=\box56
)
(./main.aux)
\openout1 = `main.aux'.

LaTeX Font Info:    Checking defaults for OML/cmm/m/it on input line 13.
LaTeX Font Info:    ... okay on input line 13.
LaTeX Font Info:    Checking defaults for OMS/cmsy/m/n on input line 13.
LaTeX Font Info:    ... okay on input line 13.
LaTeX Font Info:    Checking defaults for OT1/cmr/m/n on input line 13.
LaTeX Font Info:    ... okay on input line 13.
LaTeX Font Info:    Checking defaults for T1/cmr/m/n on input line 13.
LaTeX Font Info:    ... okay on input line 13.
LaTeX Font Info:    Checking defaults for TS1/cmr/m/n on input line 13.
LaTeX Font Info:    ... okay on input line 13.
LaTeX Font Info:    Checking defaults for OMX/cmex/m/n on input line 13.
LaTeX Font Info:    ... okay on input line 13.
LaTeX Font Info:    Checking defaults for U/cmr/m/n on input line 13.
LaTeX Font Info:    ... okay on input line 13.

*geometry* driver: auto-detecting
*geometry* detected driver: pdftex
*geometry* verbose mode - [ preamble ] result:
* driver: pdftex
* paper: letterpaper
* layout: <same size as paper>
* layoutoffset:(h,v)=(0.0pt,0.0pt)
* modes: 
* h-part:(L,W,R)=(72.26999pt, 469.75502pt, 72.26999pt)
* v-part:(T,H,B)=(72.26999pt, 650.43001pt, 72.26999pt)
* \paperwidth=614.295pt
* \paperheight=794.96999pt
* \textwidth=469.75502pt
* \textheight=650.43001pt
* \oddsidemargin=0.0pt
* \evensidemargin=0.0pt
* \topmargin=-37.0pt
* \headheight=12.0pt
* \headsep=25.0pt
* \topskip=12.0pt
* \footskip=30.0pt
* \marginparwidth=44.0pt
* \marginparsep=10.0pt
* \columnsep=10.0pt
* \skip\footins=10.8pt plus 4.0pt minus 2.0pt
* \hoffset=0.0pt
* \voffset=0.0pt
* \mag=1000
* \@twocolumnfalse
* \@twosidefalse
* \@mparswitchfalse
* \@reversemarginfalse
* (1in=72.27pt=25.4mm, 1cm=28.453pt)

(/usr/local/texlive/2023/texmf-dist/tex/context/base/mkii/supp-pdf.mkii
[Loading MPS to PDF converter (version 2006.09.02).]
\scratchcounter=\count272
\scratchdimen=\dimen159
\scratchbox=\box57
\nofMPsegments=\count273
\nofMParguments=\count274
\everyMPshowfont=\toks24
\MPscratchCnt=\count275
\MPscratchDim=\dimen160
\MPnumerator=\count276
\makeMPintoPDFobject=\count277
\everyMPtoPDFconversion=\toks25
) (/usr/local/texlive/2023/texmf-dist/tex/latex/epstopdf-pkg/epstopdf-base.sty
Package: epstopdf-base 2020-01-24 v2.11 Base part for package epstopdf
Package epstopdf-base Info: Redefining graphics rule for `.eps' on input line 4
85.

(/usr/local/texlive/2023/texmf-dist/tex/latex/latexconfig/epstopdf-sys.cfg
File: epstopdf-sys.cfg 2010/07/13 v1.3 Configuration of (r)epstopdf for TeX Liv
e
))
(/usr/local/texlive/2023/texmf-dist/tex/latex/pdflscape/pdflscape.sty
Package: pdflscape 2022-10-27 v0.13 Display of landscape pages in PDF

(/usr/local/texlive/2023/texmf-dist/tex/latex/pdflscape/pdflscape-nometadata.st
y
Package: pdflscape-nometadata 2022-10-28 v0.13 Display of landscape pages in PD
F (HO)
Package pdflscape Info: Auto-detected driver: pdftex on input line 81.
))
LaTeX Font Info:    Trying to load font information for OT1+phv on input line 1
5.
 (/usr/local/texlive/2023/texmf-dist/tex/latex/psnfss/ot1phv.fd
File: ot1phv.fd 2020/03/25 scalable font definitions for OT1/phv.
)
Underfull \hbox (badness 10000) in paragraph at lines 15--17

 []

LaTeX Font Info:    Trying to load font information for TS1+ptm on input line 2
0.
(/usr/local/texlive/2023/texmf-dist/tex/latex/psnfss/ts1ptm.fd
File: ts1ptm.fd 2001/06/04 font definitions for TS1/ptm.
) [1

{/usr/local/texlive/2023/texmf-var/fonts/map/pdftex/updmap/pdftex.map}{/usr/loc
al/texlive/2023/texmf-dist/fonts/enc/dvips/base/8r.enc}]
<media/FilledForm7711.pdf, id=8, 597.23125pt x 845.1575pt>
File: media/FilledForm7711.pdf Graphic file (type pdf)
<use media/FilledForm7711.pdf>
Package pdftex.def Info: media/FilledForm7711.pdf  used on input line 30.
(pdftex.def)             Requested size: 597.22978pt x 845.15544pt.
File: media/FilledForm7711.pdf Graphic file (type pdf)
<use media/FilledForm7711.pdf>
Package pdftex.def Info: media/FilledForm7711.pdf  used on input line 30.
(pdftex.def)             Requested size: 597.22978pt x 845.15544pt.
File: media/FilledForm7711.pdf Graphic file (type pdf)
<use media/FilledForm7711.pdf>
Package pdftex.def Info: media/FilledForm7711.pdf  used on input line 30.
(pdftex.def)             Requested size: 597.22978pt x 845.15544pt.
<media/FilledForm7711.pdf, id=12, page=2, 597.23125pt x 845.1575pt>
File: media/FilledForm7711.pdf Graphic file (type pdf)
<use media/FilledForm7711.pdf, page 2>
Package pdftex.def Info: media/FilledForm7711.pdf , page2 used on input line 30
.
(pdftex.def)             Requested size: 597.22978pt x 845.15544pt.
File: media/FilledForm7711.pdf Graphic file (type pdf)
<use media/FilledForm7711.pdf, page 2>
Package pdftex.def Info: media/FilledForm7711.pdf , page2 used on input line 30
.
(pdftex.def)             Requested size: 561.86221pt x 795.10587pt.
File: media/FilledForm7711.pdf Graphic file (type pdf)
<use media/FilledForm7711.pdf, page 2>
Package pdftex.def Info: media/FilledForm7711.pdf , page2 used on input line 30
.
(pdftex.def)             Requested size: 561.86221pt x 795.10587pt.
File: media/FilledForm7711.pdf Graphic file (type pdf)
<use media/FilledForm7711.pdf, page 2>
Package pdftex.def Info: media/FilledForm7711.pdf , page2 used on input line 30
.
(pdftex.def)             Requested size: 561.86221pt x 795.10587pt.
File: media/FilledForm7711.pdf Graphic file (type pdf)
<use media/FilledForm7711.pdf, page 2>
Package pdftex.def Info: media/FilledForm7711.pdf , page2 used on input line 30
.
(pdftex.def)             Requested size: 561.86221pt x 795.10587pt.
 [2

 <./media/FilledForm7711.pdf>]
<media/FilledForm7711.pdf, id=71, page=3, 597.23125pt x 845.1575pt>
File: media/FilledForm7711.pdf Graphic file (type pdf)
<use media/FilledForm7711.pdf, page 3>
Package pdftex.def Info: media/FilledForm7711.pdf , page3 used on input line 30
.
(pdftex.def)             Requested size: 561.86221pt x 795.10587pt.
File: media/FilledForm7711.pdf Graphic file (type pdf)
<use media/FilledForm7711.pdf, page 3>
Package pdftex.def Info: media/FilledForm7711.pdf , page3 used on input line 30
.
(pdftex.def)             Requested size: 561.86221pt x 795.10587pt.
File: media/FilledForm7711.pdf Graphic file (type pdf)
<use media/FilledForm7711.pdf, page 3>
Package pdftex.def Info: media/FilledForm7711.pdf , page3 used on input line 30
.
(pdftex.def)             Requested size: 561.86221pt x 795.10587pt.

[3 <./media/FilledForm7711.pdf>]
<media/primary-ncrnorth.pdf, id=85, 794.97pt x 614.295pt>
File: media/primary-ncrnorth.pdf Graphic file (type pdf)
<use media/primary-ncrnorth.pdf>
Package pdftex.def Info: media/primary-ncrnorth.pdf  used on input line 35.
(pdftex.def)             Requested size: 794.96806pt x 614.29349pt.
File: media/primary-ncrnorth.pdf Graphic file (type pdf)
<use media/primary-ncrnorth.pdf>
Package pdftex.def Info: media/primary-ncrnorth.pdf  used on input line 35.
(pdftex.def)             Requested size: 794.96806pt x 614.29349pt.
<media/primary-ncrnorth.pdf, id=88, page=1, 794.97pt x 614.295pt>
File: media/primary-ncrnorth.pdf Graphic file (type pdf)
<use media/primary-ncrnorth.pdf, page 1>
Package pdftex.def Info: media/primary-ncrnorth.pdf , page1 used on input line 
35.
(pdftex.def)             Requested size: 794.96806pt x 614.29349pt.
File: media/primary-ncrnorth.pdf Graphic file (type pdf)
<use media/primary-ncrnorth.pdf, page 1>
Package pdftex.def Info: media/primary-ncrnorth.pdf , page1 used on input line 
35.
(pdftex.def)             Requested size: 615.04005pt x 475.25821pt.
File: media/primary-ncrnorth.pdf Graphic file (type pdf)
<use media/primary-ncrnorth.pdf, page 1>
Package pdftex.def Info: media/primary-ncrnorth.pdf , page1 used on input line 
35.
(pdftex.def)             Requested size: 615.04005pt x 475.25821pt.
File: media/primary-ncrnorth.pdf Graphic file (type pdf)
<use media/primary-ncrnorth.pdf, page 1>
Package pdftex.def Info: media/primary-ncrnorth.pdf , page1 used on input line 
35.
(pdftex.def)             Requested size: 615.04005pt x 475.25821pt.
File: media/primary-ncrnorth.pdf Graphic file (type pdf)
<use media/primary-ncrnorth.pdf, page 1>
Package pdftex.def Info: media/primary-ncrnorth.pdf , page1 used on input line 
35.
(pdftex.def)             Requested size: 615.04005pt x 475.25821pt.
 [4


 <./media/primary-ncrnorth.pdf>]
<media/primary-ncrnorth.pdf, id=125, page=2, 794.97pt x 614.295pt>
File: media/primary-ncrnorth.pdf Graphic file (type pdf)
<use media/primary-ncrnorth.pdf, page 2>
Package pdftex.def Info: media/primary-ncrnorth.pdf , page2 used on input line 
35.
(pdftex.def)             Requested size: 615.04005pt x 475.25821pt.
File: media/primary-ncrnorth.pdf Graphic file (type pdf)
<use media/primary-ncrnorth.pdf, page 2>
Package pdftex.def Info: media/primary-ncrnorth.pdf , page2 used on input line 
35.
(pdftex.def)             Requested size: 615.04005pt x 475.25821pt.
File: media/primary-ncrnorth.pdf Graphic file (type pdf)
<use media/primary-ncrnorth.pdf, page 2>
Package pdftex.def Info: media/primary-ncrnorth.pdf , page2 used on input line 
35.
(pdftex.def)             Requested size: 615.04005pt x 475.25821pt.
 [5 <./media/primary-ncrnorth.pdf>]
Underfull \hbox (badness 10000) in paragraph at lines 39--40

 []


Overfull \hbox (1.3485pt too wide) in paragraph at lines 45--46
[][]\OT1/ptm/m/n/12 inches of char-ac-ter-ized pro-pel-lant in []diameter []typ
e grains; phe-
 []

LaTeX Font Info:    External font `cmex10' loaded for size
(Font)              <12> on input line 51.
LaTeX Font Info:    External font `cmex10' loaded for size
(Font)              <8> on input line 51.
LaTeX Font Info:    External font `cmex10' loaded for size
(Font)              <6> on input line 51.
[6


]
Overfull \hbox (1.3485pt too wide) in paragraph at lines 94--95
[][]\OT1/ptm/m/n/12 inches of char-ac-ter-ized pro-pel-lant in []diameter []typ
e grains; phe-
 []

[7]
LaTeX Font Info:    External font `cmex10' loaded for size
(Font)              <7> on input line 158.
LaTeX Font Info:    External font `cmex10' loaded for size
(Font)              <5> on input line 158.

Underfull \hbox (badness 10000) in paragraph at lines 165--165
[]\OT1/ptm/m/n/12 Booster Al-ti-
 []


Underfull \hbox (badness 10000) in paragraph at lines 165--165
[]\OT1/ptm/m/n/12 Sustainer
 []


Underfull \hbox (badness 4954) in paragraph at lines 167--167
[]\OT1/ptm/m/n/12 Typ. 08:00
 []


Underfull \hbox (badness 4954) in paragraph at lines 168--168
[]\OT1/ptm/m/n/12 Typ. 12:00
 []


Underfull \hbox (badness 4954) in paragraph at lines 169--169
[]\OT1/ptm/m/n/12 Typ. 16:00
 []


Overfull \hbox (35.86491pt too wide) in paragraph at lines 163--171
 [][] 
 []


Overfull \hbox (74.04094pt too wide) in paragraph at lines 157--171
[]\OT1/ptm/m/n/12 Highest al-ti-tude and max-i-mum range sim-u-la-tions were at
-tained us-ing RASAero ver-sion []aerodynamic
 []

[8] [9] (./main.aux) ) 
Here is how much of TeX's memory you used:
 4055 strings out of 476017
 66662 string characters out of 5789769
 1873666 words of memory out of 5000000
 24460 multiletter control sequences out of 15000+600000
 531596 words of font info for 63 fonts, out of 8000000 for 9000
 1141 hyphenation exceptions out of 8191
 72i,17n,76p,238b,461s stack positions out of 10000i,1000n,20000p,200000b,200000s
</usr/local/texlive/2023/texmf-dist/fonts/type1/public/am
sfonts/cm/cmsy8.pfb></usr/local/texlive/2023/texmf-dist/fonts/type1/urw/helveti
c/uhvr8a.pfb></usr/local/texlive/2023/texmf-dist/fonts/type1/urw/times/utmb8a.p
fb></usr/local/texlive/2023/texmf-dist/fonts/type1/urw/times/utmr8a.pfb>
Output written on main.pdf (9 pages, 1756299 bytes).
PDF statistics:
 181 PDF objects out of 1000 (max. 8388607)
 101 compressed objects within 2 object streams
 0 named destinations out of 1000 (max. 500000)
 56 words of extra memory for PDF output out of 10000 (max. 10000000)

